This is pdfTeX, Version 3.14159265-2.6-1.40.18 (MiKTeX 2.9.6350 64-bit) (preloaded format=pdflatex 2017.7.24)  30 JUL 2017 20:33
entering extended mode
**./documention.tex
(documention.tex
LaTeX2e <2017-04-15>
Babel <3.12> and hyphenation patterns for 75 language(s) loaded.
(llncs.cls
Document Class: llncs 2015/06/24 v2.20 
 LaTeX document class for Lecture Notes in Computer Science
("C:\Program Files\MiKTeX 2.9\tex\latex\base\article.cls"
Document Class: article 2014/09/29 v1.4h Standard LaTeX document class
("C:\Program Files\MiKTeX 2.9\tex\latex\base\size10.clo"
File: size10.clo 2014/09/29 v1.4h Standard LaTeX file (size option)
)
\c@part=\count79
\c@section=\count80
\c@subsection=\count81
\c@subsubsection=\count82
\c@paragraph=\count83
\c@subparagraph=\count84
\c@figure=\count85
\c@table=\count86
\abovecaptionskip=\skip41
\belowcaptionskip=\skip42
\bibindent=\dimen102
) ("C:\Program Files\MiKTeX 2.9\tex\latex\tools\multicol.sty"
Package: multicol 2017/04/11 v1.8q multicolumn formatting (FMi)
\c@tracingmulticols=\count87
\mult@box=\box26
\multicol@leftmargin=\dimen103
\c@unbalance=\count88
\c@collectmore=\count89
\doublecol@number=\count90
\multicoltolerance=\count91
\multicolpretolerance=\count92
\full@width=\dimen104
\page@free=\dimen105
\premulticols=\dimen106
\postmulticols=\dimen107
\multicolsep=\skip43
\multicolbaselineskip=\skip44
\partial@page=\box27
\last@line=\box28
\maxbalancingoverflow=\dimen108
\mult@rightbox=\box29
\mult@grightbox=\box30
\mult@gfirstbox=\box31
\mult@firstbox=\box32
\@tempa=\box33
\@tempa=\box34
\@tempa=\box35
\@tempa=\box36
\@tempa=\box37
\@tempa=\box38
\@tempa=\box39
\@tempa=\box40
\@tempa=\box41
\@tempa=\box42
\@tempa=\box43
\@tempa=\box44
\@tempa=\box45
\@tempa=\box46
\@tempa=\box47
\@tempa=\box48
\@tempa=\box49
\c@columnbadness=\count93
\c@finalcolumnbadness=\count94
\last@try=\dimen109
\multicolovershoot=\dimen110
\multicolundershoot=\dimen111
\mult@nat@firstbox=\box50
\colbreak@box=\box51
\mc@col@check@num=\count95
)
(aliascnt.sty
Package: aliascnt 2009/09/08 v1.3 Alias counter (HO)
 (remreset.sty))
\c@chapter=\count96
LaTeX Font Info:    Redeclaring math symbol \Gamma on input line 362.
LaTeX Font Info:    Redeclaring math symbol \Delta on input line 363.
LaTeX Font Info:    Redeclaring math symbol \Theta on input line 364.
LaTeX Font Info:    Redeclaring math symbol \Lambda on input line 365.
LaTeX Font Info:    Redeclaring math symbol \Xi on input line 366.
LaTeX Font Info:    Redeclaring math symbol \Pi on input line 367.
LaTeX Font Info:    Redeclaring math symbol \Sigma on input line 368.
LaTeX Font Info:    Redeclaring math symbol \Upsilon on input line 369.
LaTeX Font Info:    Redeclaring math symbol \Phi on input line 370.
LaTeX Font Info:    Redeclaring math symbol \Psi on input line 371.
LaTeX Font Info:    Redeclaring math symbol \Omega on input line 372.
\tocchpnum=\dimen112
\tocsecnum=\dimen113
\tocsectotal=\dimen114
\tocsubsecnum=\dimen115
\tocsubsectotal=\dimen116
\tocsubsubsecnum=\dimen117
\tocsubsubsectotal=\dimen118
\tocparanum=\dimen119
\tocparatotal=\dimen120
\tocsubparanum=\dimen121
\@tempcntc=\count97
\fnindent=\dimen122
\c@@inst=\count98
\c@@auth=\count99
\c@auco=\count100
\instindent=\dimen123
\authrun=\box52
\authorrunning=\toks14
\tocauthor=\toks15
\titrun=\box53
\titlerunning=\toks16
\toctitle=\toks17
\c@theorem=\count101
\c@case=\count102
\c@conjecture=\count103
\c@corollary=\count104
\c@definition=\count105
\c@example=\count106
\c@exercise=\count107
\c@lemma=\count108
\c@note=\count109
\c@problem=\count110
\c@property=\count111
\c@proposition=\count112
\c@question=\count113
\c@solution=\count114
\c@remark=\count115
\headlineindent=\dimen124
) ("C:\Program Files\MiKTeX 2.9\tex\latex\listings\listings.sty"
("C:\Program Files\MiKTeX 2.9\tex\latex\graphics\keyval.sty"
Package: keyval 2014/10/28 v1.15 key=value parser (DPC)
\KV@toks@=\toks18
)
\lst@mode=\count116
\lst@gtempboxa=\box54
\lst@token=\toks19
\lst@length=\count117
\lst@currlwidth=\dimen125
\lst@column=\count118
\lst@pos=\count119
\lst@lostspace=\dimen126
\lst@width=\dimen127
\lst@newlines=\count120
\lst@lineno=\count121
\lst@maxwidth=\dimen128

("C:\Program Files\MiKTeX 2.9\tex\latex\listings\lstmisc.sty"
File: lstmisc.sty 2015/06/04 1.6 (Carsten Heinz)
\c@lstnumber=\count122
\lst@skipnumbers=\count123
\lst@framebox=\box55
)
("C:\Program Files\MiKTeX 2.9\tex\latex\listings\listings.cfg"
File: listings.cfg 2015/06/04 1.6 listings configuration
))
Package: listings 2015/06/04 1.6 (Carsten Heinz)

("C:\Program Files\MiKTeX 2.9\tex\latex\amsmath\amsmath.sty"
Package: amsmath 2016/11/05 v2.16a AMS math features
\@mathmargin=\skip45

For additional information on amsmath, use the `?' option.
("C:\Program Files\MiKTeX 2.9\tex\latex\amsmath\amstext.sty"
Package: amstext 2000/06/29 v2.01 AMS text
 ("C:\Program Files\MiKTeX 2.9\tex\latex\amsmath\amsgen.sty"
File: amsgen.sty 1999/11/30 v2.0 generic functions
\@emptytoks=\toks20
\ex@=\dimen129
)) ("C:\Program Files\MiKTeX 2.9\tex\latex\amsmath\amsbsy.sty"
Package: amsbsy 1999/11/29 v1.2d Bold Symbols
\pmbraise@=\dimen130
)
("C:\Program Files\MiKTeX 2.9\tex\latex\amsmath\amsopn.sty"
Package: amsopn 2016/03/08 v2.02 operator names
)
\inf@bad=\count124
LaTeX Info: Redefining \frac on input line 213.
\uproot@=\count125
\leftroot@=\count126
LaTeX Info: Redefining \overline on input line 375.
\classnum@=\count127
\DOTSCASE@=\count128
LaTeX Info: Redefining \ldots on input line 472.
LaTeX Info: Redefining \dots on input line 475.
LaTeX Info: Redefining \cdots on input line 596.
\Mathstrutbox@=\box56
\strutbox@=\box57
\big@size=\dimen131
LaTeX Font Info:    Redeclaring font encoding OML on input line 712.
LaTeX Font Info:    Redeclaring font encoding OMS on input line 713.


Package amsmath Warning: Unable to redefine math accent \vec.

\macc@depth=\count129
\c@MaxMatrixCols=\count130
\dotsspace@=\muskip10
\c@parentequation=\count131
\dspbrk@lvl=\count132
\tag@help=\toks21
\row@=\count133
\column@=\count134
\maxfields@=\count135
\andhelp@=\toks22
\eqnshift@=\dimen132
\alignsep@=\dimen133
\tagshift@=\dimen134
\tagwidth@=\dimen135
\totwidth@=\dimen136
\lineht@=\dimen137
\@envbody=\toks23
\multlinegap=\skip46
\multlinetaggap=\skip47
\mathdisplay@stack=\toks24
LaTeX Info: Redefining \[ on input line 2817.
LaTeX Info: Redefining \] on input line 2818.
) ("C:\Program Files\MiKTeX 2.9\tex\latex\tools\longtable.sty"
Package: longtable 2014/10/28 v4.11 Multi-page Table package (DPC)
\LTleft=\skip48
\LTright=\skip49
\LTpre=\skip50
\LTpost=\skip51
\LTchunksize=\count136
\LTcapwidth=\dimen138
\LT@head=\box58
\LT@firsthead=\box59
\LT@foot=\box60
\LT@lastfoot=\box61
\LT@cols=\count137
\LT@rows=\count138
\c@LT@tables=\count139
\c@LT@chunks=\count140
\LT@p@ftn=\toks25
)
("C:\Program Files\MiKTeX 2.9\tex\latex\booktabs\booktabs.sty"
Package: booktabs 2005/04/14 v1.61803 publication quality tables
\heavyrulewidth=\dimen139
\lightrulewidth=\dimen140
\cmidrulewidth=\dimen141
\belowrulesep=\dimen142
\belowbottomsep=\dimen143
\aboverulesep=\dimen144
\abovetopsep=\dimen145
\cmidrulesep=\dimen146
\cmidrulekern=\dimen147
\defaultaddspace=\dimen148
\@cmidla=\count141
\@cmidlb=\count142
\@aboverulesep=\dimen149
\@belowrulesep=\dimen150
\@thisruleclass=\count143
\@lastruleclass=\count144
\@thisrulewidth=\dimen151
)
("C:\Program Files\MiKTeX 2.9\tex\latex\graphics\graphicx.sty"
Package: graphicx 2017/06/01 v1.1a Enhanced LaTeX Graphics (DPC,SPQR)

("C:\Program Files\MiKTeX 2.9\tex\latex\graphics\graphics.sty"
Package: graphics 2017/06/25 v1.2c Standard LaTeX Graphics (DPC,SPQR)
 ("C:\Program Files\MiKTeX 2.9\tex\latex\graphics\trig.sty"
Package: trig 2016/01/03 v1.10 sin cos tan (DPC)
) ("C:\Program Files\MiKTeX 2.9\tex\latex\graphics-cfg\graphics.cfg"
File: graphics.cfg 2016/06/04 v1.11 sample graphics configuration
)
Package graphics Info: Driver file: pdftex.def on input line 99.

("C:\Program Files\MiKTeX 2.9\tex\latex\graphics-def\pdftex.def"
File: pdftex.def 2017/06/24 v1.0g Graphics/color driver for pdftex
))
\Gin@req@height=\dimen152
\Gin@req@width=\dimen153
) (documention.aux

LaTeX Warning: Label `motivation' multiply defined.


LaTeX Warning: Label `database' multiply defined.


LaTeX Warning: Label `requirements' multiply defined.


LaTeX Warning: Label `database' multiply defined.


LaTeX Warning: Label `requirements' multiply defined.


LaTeX Warning: Label `architecture' multiply defined.


LaTeX Warning: Label `discussion' multiply defined.


LaTeX Warning: Label `requirements' multiply defined.


LaTeX Warning: Label `discussion' multiply defined.


LaTeX Warning: Label `future-improvements' multiply defined.

)
\openout1 = `documention.aux'.

LaTeX Font Info:    Checking defaults for OML/cmm/m/it on input line 20.
LaTeX Font Info:    ... okay on input line 20.
LaTeX Font Info:    Checking defaults for T1/cmr/m/n on input line 20.
LaTeX Font Info:    ... okay on input line 20.
LaTeX Font Info:    Checking defaults for OT1/cmr/m/n on input line 20.
LaTeX Font Info:    ... okay on input line 20.
LaTeX Font Info:    Checking defaults for OMS/cmsy/m/n on input line 20.
LaTeX Font Info:    ... okay on input line 20.
LaTeX Font Info:    Checking defaults for OMX/cmex/m/n on input line 20.
LaTeX Font Info:    ... okay on input line 20.
LaTeX Font Info:    Checking defaults for U/cmr/m/n on input line 20.
LaTeX Font Info:    ... okay on input line 20.
\c@lstlisting=\count145
 ("C:\Program Files\MiKTeX 2.9\tex\context\base\supp-pdf.mkii"
[Loading MPS to PDF converter (version 2006.09.02).]
\scratchcounter=\count146
\scratchdimen=\dimen154
\scratchbox=\box62
\nofMPsegments=\count147
\nofMParguments=\count148
\everyMPshowfont=\toks26
\MPscratchCnt=\count149
\MPscratchDim=\dimen155
\MPnumerator=\count150
\makeMPintoPDFobject=\count151
\everyMPtoPDFconversion=\toks27
) ("C:\Program Files\MiKTeX 2.9\tex\latex\oberdiek\epstopdf-base.sty"
Package: epstopdf-base 2016/05/15 v2.6 Base part for package epstopdf

("C:\Program Files\MiKTeX 2.9\tex\generic\oberdiek\infwarerr.sty"
Package: infwarerr 2016/05/16 v1.4 Providing info/warning/error messages (HO)
)
("C:\Program Files\MiKTeX 2.9\tex\latex\oberdiek\grfext.sty"
Package: grfext 2016/05/16 v1.2 Manage graphics extensions (HO)

("C:\Program Files\MiKTeX 2.9\tex\generic\oberdiek\kvdefinekeys.sty"
Package: kvdefinekeys 2016/05/16 v1.4 Define keys (HO)

("C:\Program Files\MiKTeX 2.9\tex\generic\oberdiek\ltxcmds.sty"
Package: ltxcmds 2016/05/16 v1.23 LaTeX kernel commands for general use (HO)
)))
("C:\Program Files\MiKTeX 2.9\tex\latex\oberdiek\kvoptions.sty"
Package: kvoptions 2016/05/16 v3.12 Key value format for package options (HO)

("C:\Program Files\MiKTeX 2.9\tex\generic\oberdiek\kvsetkeys.sty"
Package: kvsetkeys 2016/05/16 v1.17 Key value parser (HO)

("C:\Program Files\MiKTeX 2.9\tex\generic\oberdiek\etexcmds.sty"
Package: etexcmds 2016/05/16 v1.6 Avoid name clashes with e-TeX commands (HO)

("C:\Program Files\MiKTeX 2.9\tex\generic\oberdiek\ifluatex.sty"
Package: ifluatex 2016/05/16 v1.4 Provides the ifluatex switch (HO)
Package ifluatex Info: LuaTeX not detected.
)
Package etexcmds Info: Could not find \expanded.
(etexcmds)             That can mean that you are not using pdfTeX 1.50 or
(etexcmds)             that some package has redefined \expanded.
(etexcmds)             In the latter case, load this package earlier.
)))
("C:\Program Files\MiKTeX 2.9\tex\generic\oberdiek\pdftexcmds.sty"
Package: pdftexcmds 2017/03/19 v0.25 Utility functions of pdfTeX for LuaTeX (HO)

("C:\Program Files\MiKTeX 2.9\tex\generic\oberdiek\ifpdf.sty"
Package: ifpdf 2017/03/15 v3.2 Provides the ifpdf switch
)
Package pdftexcmds Info: LuaTeX not detected.
Package pdftexcmds Info: \pdf@primitive is available.
Package pdftexcmds Info: \pdf@ifprimitive is available.
Package pdftexcmds Info: \pdfdraftmode found.
)
Package epstopdf-base Info: Redefining graphics rule for `.eps' on input line 438.
Package grfext Info: Graphics extension search list:
(grfext)             [.pdf,.png,.jpg,.mps,.jpeg,.jbig2,.jb2,.PDF,.PNG,.JPG,.JPEG,.JBIG2,.JB2,.eps]
(grfext)             \AppendGraphicsExtensions on input line 456.
)
Missing character: There is no Ã in font cmr9!
Missing character: There is no Ÿ in font cmr9!
Missing character: There is no Ã in font cmr9!
Missing character: There is no Ÿ in font cmr9!
 (01/doc.tex
Overfull \hbox (2.50684pt too wide) in paragraph at lines 20--22
[]|\OT1/cmr/m/n/10 2017- 
 []


Overfull \hbox (2.50684pt too wide) in paragraph at lines 29--31
[]|\OT1/cmr/m/n/10 2017- 
 []


Overfull \hbox (2.50684pt too wide) in paragraph at lines 38--40
[]|\OT1/cmr/m/n/10 2017- 
 []


Overfull \hbox (2.50684pt too wide) in paragraph at lines 47--49
[]|\OT1/cmr/m/n/10 2017- 
 []

LaTeX Font Info:    Try loading font information for OML+cmr on input line 52.
("C:\Program Files\MiKTeX 2.9\tex\latex\base\omlcmr.fd"
File: omlcmr.fd 2014/09/29 v2.5h Standard LaTeX font definitions
)
LaTeX Font Info:    Font shape `OML/cmr/m/n' in size <10> not available
(Font)              Font shape `OML/cmm/m/it' tried instead on input line 52.

Overfull \hbox (2.50684pt too wide) in paragraph at lines 56--58
[]|\OT1/cmr/m/n/10 2017- 
 []

[1

{C:/ProgramData/MiKTeX/2.9/pdftex/config/pdftex.map}] [2] [3]) (02/doc.tex
Overfull \hbox (135.87225pt too wide) in paragraph at lines 18--18
[]\OT1/cmtt/m/n/10 //TODO diagram illustrating the pipeline to better describe where each company is positioned[] 
 []


Overfull \hbox (1.01476pt too wide) in paragraph at lines 27--29
[]\OT1/cmr/m/n/10 Securely man-age your pri-vate IoT net-work [...] whether you are a startup
 []

[4] [5]) (03/doc.tex
Underfull \vbox (badness 4699) has occurred while \output is active []

 [6]
LaTeX Font Info:    Try loading font information for OMS+cmr on input line 107.

("C:\Program Files\MiKTeX 2.9\tex\latex\base\omscmr.fd"
File: omscmr.fd 2014/09/29 v2.5h Standard LaTeX font definitions
)
LaTeX Font Info:    Font shape `OMS/cmr/m/n' in size <10> not available
(Font)              Font shape `OMS/cmsy/m/n' tried instead on input line 107.
 [7] [8] [9]
Overfull \hbox (20.51624pt too wide) in paragraph at lines 291--293
[]\OT1/cmr/m/n/10 https://github.com/awslabs?utf8=%E2%9C%93&q=refarch&type=&language= 
 []


Overfull \hbox (28.69383pt too wide) in paragraph at lines 299--301
[]\OT1/cmr/m/n/10 http://media.amazonwebservices.com/architecturecenter/AWS[]ac[]ra[]batch[]03.pdf 
 []

[10] [11]) (05/doc.tex
Overfull \hbox (2.50684pt too wide) in paragraph at lines 21--23
[]|\OT1/cmr/m/n/10 2017- 
 []


Overfull \hbox (2.50684pt too wide) in paragraph at lines 30--32
[]|\OT1/cmr/m/n/10 2017- 
 []


Overfull \hbox (2.50684pt too wide) in paragraph at lines 39--41
[]|\OT1/cmr/m/n/10 2017- 
 []


Overfull \hbox (2.50684pt too wide) in paragraph at lines 48--50
[]|\OT1/cmr/m/n/10 2017- 
 []


Overfull \hbox (2.50684pt too wide) in paragraph at lines 57--59
[]|\OT1/cmr/m/n/10 2017- 
 []


Overfull \hbox (2.50684pt too wide) in paragraph at lines 66--68
[]|\OT1/cmr/m/n/10 2017- 
 []


Underfull \vbox (badness 10000) has occurred while \output is active []

 [12] [13] [14]
<images/components_diagram.png, id=57, 1121.18875pt x 301.125pt>
File: images/components_diagram.png Graphic file (type png)
<use images/components_diagram.png>
Package pdftex.def Info: images/components_diagram.png  used on input line 256. on input line 256.
Package pdftex.def Info: Requested size: 1121.18602pt x 301.12425pt on input line 256.

Overfull \hbox (774.06248pt too wide) in paragraph at lines 256--257
 [][] 
 []

[15 <./images/components_diagram.png>]
Overfull \hbox (14.94044pt too wide) in paragraph at lines 291--304
\OT1/cmr/m/n/10 some gen-er-ally used meth-ods to bring fa-cil-ity for im-port-ing. - \OT1/cmr/bx/n/10 JsonItemWriter:
 []


Overfull \hbox (4.40271pt too wide) in paragraph at lines 291--304
\OT1/cmr/m/n/10 Asks \OT1/cmtt/m/n/10 KafkaRecordProducer \OT1/cmr/m/n/10 to write in-di-vid-ual JSON ob-jects to Kafka 
queue.
 []

<images/domain_model.png, id=63, 925.4575pt x 846.16125pt>
File: images/domain_model.png Graphic file (type png)
<use images/domain_model.png>
Package pdftex.def Info: images/domain_model.png  used on input line 306. on input line 306.
Package pdftex.def Info: Requested size: 925.45525pt x 846.1592pt on input line 306.

Overfull \hbox (593.33171pt too wide) in paragraph at lines 306--309
[][]
 []


Underfull \vbox (badness 10000) has occurred while \output is active []

 [16]
Overfull \vbox (321.02092pt too high) has occurred while \output is active []

 [17 <./images/domain_model.png>] [18])
(06/doc.tex [19] [20] [21]) (07/doc.tex
Overfull \hbox (148.94005pt too wide) in paragraph at lines 5--13
\OT1/cmr/m/n/10 [2]\OT1/cmr/bx/it/10 Missing doc-u-men-ta-tion in Cas-san-dra\OT1/cmr/m/n/10 , http://cassandra.apache.o
rg/doc/latest/architecture/overview.html
 []


Overfull \hbox (208.99748pt too wide) in paragraph at lines 5--13
\OT1/cmr/m/n/10 , 2016-07-30 [3]\OT1/cmr/bx/it/10 Missing doc-u-men-ta-tion in Cas-san-dra 2\OT1/cmr/m/n/10 , http://cas
sandra.apache.org/doc/latest/architecture/dynamo.html
 []

[22]
Overfull \hbox (2.43253pt too wide) in paragraph at lines 91--93
[]\OT1/cmr/m/n/10 Besides the pre-vi-ously men-tioned re-quire-ments we had some soft-requirements
 []

[23]
<images/07_database_architecture_elastic.png, id=90, 329.23pt x 221.82875pt>
File: images/07_database_architecture_elastic.png Graphic file (type png)
<use images/07_database_architecture_elastic.png>
Package pdftex.def Info: images/07_database_architecture_elastic.png  used on input line 162. on input line 162.
Package pdftex.def Info: Requested size: 329.22919pt x 221.82819pt on input line 162.
 [24]
Underfull \vbox (badness 5908) has occurred while \output is active []

 [25 <./images/07_database_architecture_elastic.png>] [26]
<images/07_database_architecture.png, id=102, 382.42876pt x 262.9825pt>
File: images/07_database_architecture.png Graphic file (type png)
<use images/07_database_architecture.png>
Package pdftex.def Info: images/07_database_architecture.png  used on input line 279. on input line 279.
Package pdftex.def Info: Requested size: 382.42781pt x 262.98184pt on input line 279.

Overfull \hbox (35.30428pt too wide) in paragraph at lines 279--280
 [][] 
 []


Overfull \hbox (23.68262pt too wide) in paragraph at lines 292--296
[]\OT1/cmr/m/n/10 we im-port mul-ti-ple sources, with mul-ti-ple mea-sure-ments: source1(air-temperature,
 []


Overfull \hbox (15.21046pt too wide) in paragraph at lines 292--296
\OT1/cmr/m/n/10 water-temperature) 1980-2017, source2(air-temperature) 1983-1990, source3(uv-
 []

[27 <./images/07_database_architecture.png>] [28]
<images/07_API_Architecture.png, id=110, 543.02875pt x 347.2975pt>
File: images/07_API_Architecture.png Graphic file (type png)
<use images/07_API_Architecture.png>
Package pdftex.def Info: images/07_API_Architecture.png  used on input line 423. on input line 423.
Package pdftex.def Info: Requested size: 543.0274pt x 347.29665pt on input line 423.

Overfull \hbox (195.90387pt too wide) in paragraph at lines 423--424
 [][] 
 []

[29] [30 <./images/07_API_Architecture.png>]
Overfull \hbox (10.75784pt too wide) in paragraph at lines 467--469
[]|\OT1/cmr/m/n/10 Parameter|  
 []


Overfull \hbox (17.368pt too wide) in paragraph at lines 469--471
[]|\OT1/cmr/m/n/10 Example|  
 []


Overfull \hbox (131.42212pt too wide) in paragraph at lines 478--480
[]|\OT1/cmtt/m/n/10 2011,2017-06-22T165:37:12:100|  
 []


Overfull \hbox (7.28517pt too wide) in paragraph at lines 484--486
[]|\OT1/cmtt/m/n/10 location|  
 []

LaTeX Font Info:    Try loading font information for OMS+cmtt on input line 487.
LaTeX Font Info:    No file OMScmtt.fd. on input line 487.

LaTeX Font Warning: Font shape `OMS/cmtt/m/n' undefined
(Font)              using `OMS/cmsy/m/n' instead
(Font)              for symbol `textbar' on input line 487.


Overfull \hbox (147.17198pt too wide) in paragraph at lines 486--488
[]|\OT1/cmtt/m/n/10 52.5239,13.4573,53.5239,16.45731 
 []


Overfull \hbox (10.67317pt too wide) in paragraph at lines 486--488
\OT1/cmtt/m/n/10 square 
 []


Overfull \hbox (21.17308pt too wide) in paragraph at lines 486--488
\OT1/cmtt/m/n/10 location 
 []


Overfull \hbox (21.17308pt too wide) in paragraph at lines 486--488
\OT1/cmtt/m/n/10 consider 
 []


Overfull \hbox (15.92313pt too wide) in paragraph at lines 486--488
\OT1/cmtt/m/n/10 lat/lon 
 []


Overfull \hbox (5.42322pt too wide) in paragraph at lines 486--488
\OT1/cmtt/m/n/10 upper 
 []


Overfull \hbox (15.92313pt too wide) in paragraph at lines 486--488
\OT1/cmtt/m/n/10 lat/lon 
 []


Overfull \hbox (10.67317pt too wide) in paragraph at lines 486--488
\OT1/cmtt/m/n/10 bottom 
 []


Overfull \hbox (5.42322pt too wide) in paragraph at lines 486--488
\OT1/cmtt/m/n/10 right 
 []


Overfull \hbox (28.47908pt too wide) in paragraph at lines 486--488
\OMS/cmtt/m/n/10 j\OT1/cmr/m/n/10 bucket\OMS/cmtt/m/n/10 j\OT1/cmr/m/n/10 1w\OMS/cmtt/m/n/10 j 
 []


Overfull \hbox (15.92313pt too wide) in paragraph at lines 486--488
\OT1/cmtt/m/n/10 defines 
 []


Overfull \hbox (26.42303pt too wide) in paragraph at lines 486--488
\OT1/cmtt/m/n/10 bucketing 
 []


Overfull \hbox (21.17308pt too wide) in paragraph at lines 486--488
\OT1/cmtt/m/n/10 consider 
 []


Overfull \hbox (26.42303pt too wide) in paragraph at lines 486--488
\OT1/cmtt/m/n/10 timeframe 
 []


Overfull \hbox (5.42322pt too wide) in paragraph at lines 486--488
\OT1/cmtt/m/n/10 might 
 []


Overfull \hbox (26.42303pt too wide) in paragraph at lines 486--488
\OT1/cmtt/m/n/10 bucketing 
 []


Overfull \hbox (5.42322pt too wide) in paragraph at lines 486--488
\OT1/cmtt/m/n/10 weeks 
 []


Overfull \hbox (21.17308pt too wide) in paragraph at lines 486--488
\OT1/cmtt/m/n/10 buckets, 
 []


Overfull \hbox (10.67317pt too wide) in paragraph at lines 486--488
\OT1/cmtt/m/n/10 minute 
 []


Overfull \hbox (15.92313pt too wide) in paragraph at lines 486--488
\OT1/cmtt/m/n/10 buckets 
 []


Overfull \hbox (46.11792pt too wide) in paragraph at lines 486--488
\OMS/cmtt/m/n/10 j\OT1/cmr/m/n/10 agg\OMS/cmtt/m/n/10 j\OT1/cmr/m/n/10 sum\OT1/cmtt/m/n/10 or\OT1/cmr/m/n/10 avg\OMS/cmt
t/m/n/10 j 
 []


Overfull \hbox (26.42303pt too wide) in paragraph at lines 486--488
\OT1/cmtt/m/n/10 aggregate 
 []


Overfull \hbox (36.92294pt too wide) in paragraph at lines 486--488
\OT1/cmtt/m/n/10 measurement 
 []


Overfull \hbox (15.92313pt too wide) in paragraph at lines 486--488
\OT1/cmtt/m/n/10 average 
 []


Overfull \hbox (73.53474pt too wide) in paragraph at lines 486--488
\OMS/cmtt/m/n/10 j\OT1/cmr/m/n/10 mess\OMS/cmtt/m/n/10 j\OT1/cmr/m/n/10 airtemperature`|  
 []

[31] [32]) (08/doc.tex [33]
<images/relational_schema.png, id=128, 738.76pt x 416.55624pt>
File: images/relational_schema.png Graphic file (type png)
<use images/relational_schema.png>
Package pdftex.def Info: images/relational_schema.png  used on input line 71. on input line 71.
Package pdftex.def Info: Requested size: 738.75818pt x 416.55522pt on input line 71.

Overfull \hbox (469.3564pt too wide) in paragraph at lines 71--73
 \OT1/cmr/bx/n/10 Do-main Model[] []
 []

[34] [35 <./images/relational_schema.png>]
<images/new_datasource.png, id=136, 837.1275pt x 760.8425pt>
File: images/new_datasource.png Graphic file (type png)
<use images/new_datasource.png>
Package pdftex.def Info: images/new_datasource.png  used on input line 124. on input line 124.
Package pdftex.def Info: Requested size: 837.12546pt x 760.84064pt on input line 124.

Overfull \hbox (505.00192pt too wide) in paragraph at lines 124--126
[][]
 []


Underfull \vbox (badness 10000) has occurred while \output is active []

 [36]
Overfull \vbox (235.70236pt too high) has occurred while \output is active []

 [37 <./images/new_datasource.png>]
Overfull \hbox (120.12239pt too wide) in paragraph at lines 213--213
[]  \OT1/cmtt/m/n/10 "description": "A Data Source for Open Sensor Data from the CP project at TU Berlin. ",[] 
 []

[38]
Overfull \hbox (36.12312pt too wide) in paragraph at lines 213--213
[]  \OT1/cmtt/m/n/10 "required": ["source_id", "timestamp","sensors", "location", "license"][] 
 []

[39]
Overfull \hbox (78.12276pt too wide) in paragraph at lines 252--252
[]    \OT1/cmtt/m/n/10 {"id":1,"name":"Air Temperature","desc":"","unit_category_id":"temperature"},[] 
 []


Overfull \hbox (251.37125pt too wide) in paragraph at lines 252--252
[]    \OT1/cmtt/m/n/10 {"id":3,"name":"Air Humidity","desc":"amount of water vapor present in the air","unit_category_id
":"humidity"}[] 
 []

[40]
<images/unit_frontend.png, id=154, 1188.44pt x 407.5225pt>
File: images/unit_frontend.png Graphic file (type png)
<use images/unit_frontend.png>
Package pdftex.def Info: images/unit_frontend.png  used on input line 342. on input line 342.
Package pdftex.def Info: Requested size: 1188.43712pt x 407.5215pt on input line 342.

Overfull \hbox (856.31358pt too wide) in paragraph at lines 342--345
[][]
 []


Underfull \vbox (badness 10000) has occurred while \output is active []

 [41] [42 <./images/unit_frontend.png>]
Missing character: There is no Â in font cmtt10!
Missing character: There is no ° in font cmtt10!
Missing character: There is no Â in font cmtt10!
Missing character: There is no ° in font cmtt10!

Overfull \hbox (282.87097pt too wide) in paragraph at lines 386--386
[]        \OT1/cmtt/m/n/10 {"id":"temperature_celsius","name":"celsius","unit_symbol":"C","unit_category_id":"temperatur
e","notation":""}},[] 
 []

Missing character: There is no Â in font cmtt10!
Missing character: There is no ° in font cmtt10!

Overfull \hbox (314.3707pt too wide) in paragraph at lines 386--386
[]        \OT1/cmtt/m/n/10 {"id":"temperature_fahrenheit","name":"fahrenheit","unit_symbol":"F","unit_category_id":"temp
erature","notation":""}},[] 
 []


Overfull \hbox (267.12111pt too wide) in paragraph at lines 386--386
[]        \OT1/cmtt/m/n/10 {"id":"temperature_kelvin","name":"kelvin","unit_symbol":"K","unit_category_id":"temperature"
,"notation":""}}[] 
 []

[43]) (12/doc.tex [44] [45])

LaTeX Warning: Empty `thebibliography' environment on input line 58.

[46] (documention.aux)

LaTeX Font Warning: Some font shapes were not available, defaults substituted.


LaTeX Warning: There were multiply-defined labels.

 ) 
Here is how much of TeX's memory you used:
 3989 strings out of 493318
 55442 string characters out of 3139004
 130427 words of memory out of 3000000
 7455 multiletter control sequences out of 15000+200000
 7259 words of font info for 27 fonts, out of 3000000 for 9000
 1141 hyphenation exceptions out of 8191
 41i,5n,32p,614b,244s stack positions out of 5000i,500n,10000p,200000b,50000s
<C:/Program Files/MiKTeX 2.9/fonts/type1/public/amsfonts/cm/cmbx10.pfb><C:/Program Files/MiKTeX 2.9/fonts/type1/public
/amsfonts/cm/cmbx12.pfb><C:/Program Files/MiKTeX 2.9/fonts/type1/public/amsfonts/cm/cmbx9.pfb><C:/Program Files/MiKTeX 2
.9/fonts/type1/public/amsfonts/cm/cmbxti10.pfb><C:/Program Files/MiKTeX 2.9/fonts/type1/public/amsfonts/cm/cmmi10.pfb><C
:/Program Files/MiKTeX 2.9/fonts/type1/public/amsfonts/cm/cmr10.pfb><C:/Program Files/MiKTeX 2.9/fonts/type1/public/amsf
onts/cm/cmr9.pfb><C:/Program Files/MiKTeX 2.9/fonts/type1/public/amsfonts/cm/cmsy10.pfb><C:/Program Files/MiKTeX 2.9/fon
ts/type1/public/amsfonts/cm/cmti10.pfb><C:/Program Files/MiKTeX 2.9/fonts/type1/public/amsfonts/cm/cmtt10.pfb><C:/Progra
m Files/MiKTeX 2.9/fonts/type1/public/amsfonts/cm/cmtt9.pfb>
Output written on documention.pdf (46 pages, 457634 bytes).
PDF statistics:
 212 PDF objects out of 1000 (max. 8388607)
 0 named destinations out of 1000 (max. 500000)
 41 words of extra memory for PDF output out of 10000 (max. 10000000)

