This is pdfTeX, Version 3.14159265-2.6-1.40.16 (MiKTeX 2.9 64-bit) (preloaded format=pdflatex 2016.3.17)  31 JUL 2017 12:45
entering extended mode
**./documentation.tex
(documentation.tex
LaTeX2e <2015/10/01> patch level 2
Babel <3.9n> and hyphenation patterns for 69 languages loaded.
(E:\MikTex\tex\latex\base\article.cls
Document Class: article 2014/09/29 v1.4h Standard LaTeX document class
(E:\MikTex\tex\latex\base\size10.clo
File: size10.clo 2014/09/29 v1.4h Standard LaTeX file (size option)
)
\c@part=\count79
\c@section=\count80
\c@subsection=\count81
\c@subsubsection=\count82
\c@paragraph=\count83
\c@subparagraph=\count84
\c@figure=\count85
\c@table=\count86
\abovecaptionskip=\skip41
\belowcaptionskip=\skip42
\bibindent=\dimen102
) (E:\MikTex\tex\latex\listings\listings.sty
(E:\MikTex\tex\latex\graphics\keyval.sty
Package: keyval 2014/10/28 v1.15 key=value parser (DPC)
\KV@toks@=\toks14
)
\lst@mode=\count87
\lst@gtempboxa=\box26
\lst@token=\toks15
\lst@length=\count88
\lst@currlwidth=\dimen103
\lst@column=\count89
\lst@pos=\count90
\lst@lostspace=\dimen104
\lst@width=\dimen105
\lst@newlines=\count91
\lst@lineno=\count92
\lst@maxwidth=\dimen106
 (E:\MikTex\tex\latex\listings\lstmisc.sty
File: lstmisc.sty 2015/06/04 1.6 (Carsten Heinz)
\c@lstnumber=\count93
\lst@skipnumbers=\count94
\lst@framebox=\box27
)
(E:\MikTex\tex\latex\listings\listings.cfg
File: listings.cfg 2015/06/04 1.6 listings configuration
))
Package: listings 2015/06/04 1.6 (Carsten Heinz)
 (E:\MikTex\tex\latex\amsmath\amsmath.sty
Package: amsmath 2016/03/03 v2.15a AMS math features
\@mathmargin=\skip43

For additional information on amsmath, use the `?' option.
(E:\MikTex\tex\latex\amsmath\amstext.sty
Package: amstext 2000/06/29 v2.01 AMS text
 (E:\MikTex\tex\latex\amsmath\amsgen.sty
File: amsgen.sty 1999/11/30 v2.0 generic functions
\@emptytoks=\toks16
\ex@=\dimen107
))
(E:\MikTex\tex\latex\amsmath\amsbsy.sty
Package: amsbsy 1999/11/29 v1.2d Bold Symbols
\pmbraise@=\dimen108
) (E:\MikTex\tex\latex\amsmath\amsopn.sty
Package: amsopn 1999/12/14 v2.01 operator names
)
\inf@bad=\count95
LaTeX Info: Redefining \frac on input line 199.
\uproot@=\count96
\leftroot@=\count97
LaTeX Info: Redefining \overline on input line 297.
\classnum@=\count98
\DOTSCASE@=\count99
LaTeX Info: Redefining \ldots on input line 394.
LaTeX Info: Redefining \dots on input line 397.
LaTeX Info: Redefining \cdots on input line 518.
\Mathstrutbox@=\box28
\strutbox@=\box29
\big@size=\dimen109
LaTeX Font Info:    Redeclaring font encoding OML on input line 630.
LaTeX Font Info:    Redeclaring font encoding OMS on input line 631.
\macc@depth=\count100
\c@MaxMatrixCols=\count101
\dotsspace@=\muskip10
\c@parentequation=\count102
\dspbrk@lvl=\count103
\tag@help=\toks17
\row@=\count104
\column@=\count105
\maxfields@=\count106
\andhelp@=\toks18
\eqnshift@=\dimen110
\alignsep@=\dimen111
\tagshift@=\dimen112
\tagwidth@=\dimen113
\totwidth@=\dimen114
\lineht@=\dimen115
\@envbody=\toks19
\multlinegap=\skip44
\multlinetaggap=\skip45
\mathdisplay@stack=\toks20
LaTeX Info: Redefining \[ on input line 2735.
LaTeX Info: Redefining \] on input line 2736.
)
(E:\MikTex\tex\latex\tools\longtable.sty
Package: longtable 2014/10/28 v4.11 Multi-page Table package (DPC)
\LTleft=\skip46
\LTright=\skip47
\LTpre=\skip48
\LTpost=\skip49
\LTchunksize=\count107
\LTcapwidth=\dimen116
\LT@head=\box30
\LT@firsthead=\box31
\LT@foot=\box32
\LT@lastfoot=\box33
\LT@cols=\count108
\LT@rows=\count109
\c@LT@tables=\count110
\c@LT@chunks=\count111
\LT@p@ftn=\toks21
) (E:\MikTex\tex\latex\booktabs\booktabs.sty
Package: booktabs 2005/04/14 v1.61803 publication quality tables
\heavyrulewidth=\dimen117
\lightrulewidth=\dimen118
\cmidrulewidth=\dimen119
\belowrulesep=\dimen120
\belowbottomsep=\dimen121
\aboverulesep=\dimen122
\abovetopsep=\dimen123
\cmidrulesep=\dimen124
\cmidrulekern=\dimen125
\defaultaddspace=\dimen126
\@cmidla=\count112
\@cmidlb=\count113
\@aboverulesep=\dimen127
\@belowrulesep=\dimen128
\@thisruleclass=\count114
\@lastruleclass=\count115
\@thisrulewidth=\dimen129
)
(E:\MikTex\tex\latex\graphics\graphicx.sty
Package: graphicx 2014/10/28 v1.0g Enhanced LaTeX Graphics (DPC,SPQR)
 (E:\MikTex\tex\latex\graphics\graphics.sty
Package: graphics 2016/01/03 v1.0q Standard LaTeX Graphics (DPC,SPQR)

(E:\MikTex\tex\latex\graphics\trig.sty
Package: trig 2016/01/03 v1.10 sin cos tan (DPC)
) (E:\MikTex\tex\latex\00miktex\graphics.cfg
File: graphics.cfg 2010/04/23 v1.9 graphics configuration of TeX Live
)
Package graphics Info: Driver file: pdftex.def on input line 95.

(E:\MikTex\tex\latex\pdftex-def\pdftex.def
File: pdftex.def 2011/05/27 v0.06d Graphics/color for pdfTeX
 (E:\MikTex\tex\generic\oberdiek\infwarerr.sty
Package: infwarerr 2010/04/08 v1.3 Providing info/warning/error messages (HO)
)
(E:\MikTex\tex\generic\oberdiek\ltxcmds.sty
Package: ltxcmds 2011/11/09 v1.22 LaTeX kernel commands for general use (HO)
)
\Gread@gobject=\count116
))
\Gin@req@height=\dimen130
\Gin@req@width=\dimen131
) (E:\MikTex\tex\latex\hyperref\hyperref.sty
Package: hyperref 2012/11/06 v6.83m Hypertext links for LaTeX

(E:\MikTex\tex\generic\oberdiek\hobsub-hyperref.sty
Package: hobsub-hyperref 2012/04/25 v1.12 Bundle oberdiek, subset hyperref (HO)
 (E:\MikTex\tex\generic\oberdiek\hobsub-generic.sty
Package: hobsub-generic 2012/04/25 v1.12 Bundle oberdiek, subset generic (HO)
Package: hobsub 2012/04/25 v1.12 Construct package bundles (HO)
Package hobsub Info: Skipping package `infwarerr' (already loaded).
Package hobsub Info: Skipping package `ltxcmds' (already loaded).
Package: ifluatex 2010/03/01 v1.3 Provides the ifluatex switch (HO)
Package ifluatex Info: LuaTeX not detected.
Package: ifvtex 2010/03/01 v1.5 Detect VTeX and its facilities (HO)
Package ifvtex Info: VTeX not detected.
Package: intcalc 2007/09/27 v1.1 Expandable calculations with integers (HO)
Package: ifpdf 2011/01/30 v2.3 Provides the ifpdf switch (HO)
Package ifpdf Info: pdfTeX in PDF mode is detected.
Package: etexcmds 2011/02/16 v1.5 Avoid name clashes with e-TeX commands (HO)
Package etexcmds Info: Could not find \expanded.
(etexcmds)             That can mean that you are not using pdfTeX 1.50 or
(etexcmds)             that some package has redefined \expanded.
(etexcmds)             In the latter case, load this package earlier.
Package: kvsetkeys 2012/04/25 v1.16 Key value parser (HO)
Package: kvdefinekeys 2011/04/07 v1.3 Define keys (HO)
Package: pdftexcmds 2011/11/29 v0.20 Utility functions of pdfTeX for LuaTeX (HO)
Package pdftexcmds Info: LuaTeX not detected.
Package pdftexcmds Info: \pdf@primitive is available.
Package pdftexcmds Info: \pdf@ifprimitive is available.
Package pdftexcmds Info: \pdfdraftmode found.
Package: pdfescape 2011/11/25 v1.13 Implements pdfTeX's escape features (HO)
Package: bigintcalc 2012/04/08 v1.3 Expandable calculations on big integers (HO)
Package: bitset 2011/01/30 v1.1 Handle bit-vector datatype (HO)
Package: uniquecounter 2011/01/30 v1.2 Provide unlimited unique counter (HO)
)
Package hobsub Info: Skipping package `hobsub' (already loaded).
Package: letltxmacro 2010/09/02 v1.4 Let assignment for LaTeX macros (HO)
Package: hopatch 2011/06/24 v1.1 Wrapper for package hooks (HO)
Package: xcolor-patch 2011/01/30 xcolor patch
Package: atveryend 2011/06/30 v1.8 Hooks at the very end of document (HO)
Package atveryend Info: \enddocument detected (standard20110627).
Package: atbegshi 2011/10/05 v1.16 At begin shipout hook (HO)
Package: refcount 2011/10/16 v3.4 Data extraction from label references (HO)
Package: hycolor 2011/01/30 v1.7 Color options for hyperref/bookmark (HO)
)
(E:\MikTex\tex\generic\ifxetex\ifxetex.sty
Package: ifxetex 2010/09/12 v0.6 Provides ifxetex conditional
) (E:\MikTex\tex\latex\oberdiek\auxhook.sty
Package: auxhook 2011/03/04 v1.3 Hooks for auxiliary files (HO)
)
(E:\MikTex\tex\latex\oberdiek\kvoptions.sty
Package: kvoptions 2011/06/30 v3.11 Key value format for package options (HO)
)
\@linkdim=\dimen132
\Hy@linkcounter=\count117
\Hy@pagecounter=\count118
 (E:\MikTex\tex\latex\hyperref\pd1enc.def
File: pd1enc.def 2012/11/06 v6.83m Hyperref: PDFDocEncoding definition (HO)
)
\Hy@SavedSpaceFactor=\count119

(E:\MikTex\tex\latex\00miktex\hyperref.cfg
File: hyperref.cfg 2002/06/06 v1.2 hyperref configuration of TeXLive
)
Package hyperref Info: Hyper figures OFF on input line 4443.
Package hyperref Info: Link nesting OFF on input line 4448.
Package hyperref Info: Hyper index ON on input line 4451.
Package hyperref Info: Plain pages OFF on input line 4458.
Package hyperref Info: Backreferencing OFF on input line 4463.
Package hyperref Info: Implicit mode ON; LaTeX internals redefined.
Package hyperref Info: Bookmarks ON on input line 4688.
\c@Hy@tempcnt=\count120
 (E:\MikTex\tex\latex\url\url.sty
\Urlmuskip=\muskip11
Package: url 2013/09/16  ver 3.4  Verb mode for urls, etc.
)
LaTeX Info: Redefining \url on input line 5041.
\XeTeXLinkMargin=\dimen133
\Fld@menulength=\count121
\Field@Width=\dimen134
\Fld@charsize=\dimen135
Package hyperref Info: Hyper figures OFF on input line 6295.
Package hyperref Info: Link nesting OFF on input line 6300.
Package hyperref Info: Hyper index ON on input line 6303.
Package hyperref Info: backreferencing OFF on input line 6310.
Package hyperref Info: Link coloring OFF on input line 6315.
Package hyperref Info: Link coloring with OCG OFF on input line 6320.
Package hyperref Info: PDF/A mode OFF on input line 6325.
LaTeX Info: Redefining \ref on input line 6365.
LaTeX Info: Redefining \pageref on input line 6369.
\Hy@abspage=\count122
\c@Item=\count123
\c@Hfootnote=\count124
)

Package hyperref Message: Driver (autodetected): hpdftex.

(E:\MikTex\tex\latex\hyperref\hpdftex.def
File: hpdftex.def 2012/11/06 v6.83m Hyperref driver for pdfTeX
\Fld@listcount=\count125
\c@bookmark@seq@number=\count126
 (E:\MikTex\tex\latex\oberdiek\rerunfilecheck.sty
Package: rerunfilecheck 2011/04/15 v1.7 Rerun checks for auxiliary files (HO)
Package uniquecounter Info: New unique counter `rerunfilecheck' on input line 282.
)
\Hy@SectionHShift=\skip50
)
(E:\MikTex\tex\latex\multirow\multirow.sty
\bigstrutjot=\dimen136
) (E:\MikTex\tex\latex\subfigure\subfigure.sty
Package: subfigure 2002/07/30 v2.1.4 subfigure package
\subfigtopskip=\skip51
\subfigcapskip=\skip52
\subfigcaptopadj=\dimen137
\subfigbottomskip=\skip53
\subfigcapmargin=\dimen138
\subfiglabelskip=\skip54
\c@subfigure=\count127
\c@lofdepth=\count128
\c@subtable=\count129
\c@lotdepth=\count130

****************************************
* Local config file subfigure.cfg used *
****************************************
(E:\MikTex\tex\latex\subfigure\subfigure.cfg)
\subfig@top=\skip55
\subfig@bottom=\skip56
) (E:\MikTex\tex\latex\caption\caption.sty
Package: caption 2016/02/21 v3.3-144 Customizing captions (AR)

(E:\MikTex\tex\latex\caption\caption3.sty
Package: caption3 2016/02/04 v1.7-139 caption3 kernel (AR)
Package caption3 Info: TeX engine: e-TeX on input line 67.
\captionmargin=\dimen139
\captionmargin@=\dimen140
\captionwidth=\dimen141
\caption@tempdima=\dimen142
\caption@indent=\dimen143
\caption@parindent=\dimen144
\caption@hangindent=\dimen145
)
\c@ContinuedFloat=\count131
Package caption Info: hyperref package is loaded.
Package caption Info: listings package is loaded.
Package caption Info: longtable package is loaded.
 (E:\MikTex\tex\latex\caption\ltcaption.sty
Package: ltcaption 2013/06/09 v1.4-94 longtable captions (AR)
)
Package caption Info: subfigure package is loaded.
)
(E:\MikTex\tex\latex\appendix\appendix.sty
Package: appendix 2009/09/02 v1.2b extra appendix facilities
\c@@pps=\count132
\c@@ppsavesec=\count133
\c@@ppsaveapp=\count134
) (E:\MikTex\tex\latex\geometry\geometry.sty
Package: geometry 2010/09/12 v5.6 Page Geometry
\Gm@cnth=\count135
\Gm@cntv=\count136
\c@Gm@tempcnt=\count137
\Gm@bindingoffset=\dimen146
\Gm@wd@mp=\dimen147
\Gm@odd@mp=\dimen148
\Gm@even@mp=\dimen149
\Gm@layoutwidth=\dimen150
\Gm@layoutheight=\dimen151
\Gm@layouthoffset=\dimen152
\Gm@layoutvoffset=\dimen153
\Gm@dimlist=\toks22

(E:\MikTex\tex\latex\geometry\geometry.cfg)) (documentation.aux

LaTeX Warning: Label `motivation' multiply defined.


LaTeX Warning: Label `database' multiply defined.


LaTeX Warning: Label `requirements' multiply defined.


LaTeX Warning: Label `discussion' multiply defined.


LaTeX Warning: Label `requirements' multiply defined.


LaTeX Warning: Label `discussion' multiply defined.


LaTeX Warning: Label `requirements' multiply defined.


LaTeX Warning: Label `requirements' multiply defined.


LaTeX Warning: Label `evaluation-criteria-decision-making-process' multiply defined.


LaTeX Warning: Label `implementation-details' multiply defined.


LaTeX Warning: Label `discussion' multiply defined.


LaTeX Warning: Label `requirements' multiply defined.


LaTeX Warning: Label `implementation' multiply defined.


LaTeX Warning: Label `discussion' multiply defined.


LaTeX Warning: Label `future-improvements' multiply defined.

)
\openout1 = `documentation.aux'.

LaTeX Font Info:    Checking defaults for OML/cmm/m/it on input line 28.
LaTeX Font Info:    ... okay on input line 28.
LaTeX Font Info:    Checking defaults for T1/cmr/m/n on input line 28.
LaTeX Font Info:    ... okay on input line 28.
LaTeX Font Info:    Checking defaults for OT1/cmr/m/n on input line 28.
LaTeX Font Info:    ... okay on input line 28.
LaTeX Font Info:    Checking defaults for OMS/cmsy/m/n on input line 28.
LaTeX Font Info:    ... okay on input line 28.
LaTeX Font Info:    Checking defaults for OMX/cmex/m/n on input line 28.
LaTeX Font Info:    ... okay on input line 28.
LaTeX Font Info:    Checking defaults for U/cmr/m/n on input line 28.
LaTeX Font Info:    ... okay on input line 28.
LaTeX Font Info:    Checking defaults for PD1/pdf/m/n on input line 28.
LaTeX Font Info:    ... okay on input line 28.
\c@lstlisting=\count138
 (E:\MikTex\tex\context\base\supp-pdf.mkii
[Loading MPS to PDF converter (version 2006.09.02).]
\scratchcounter=\count139
\scratchdimen=\dimen154
\scratchbox=\box34
\nofMPsegments=\count140
\nofMParguments=\count141
\everyMPshowfont=\toks23
\MPscratchCnt=\count142
\MPscratchDim=\dimen155
\MPnumerator=\count143
\makeMPintoPDFobject=\count144
\everyMPtoPDFconversion=\toks24
) (E:\MikTex\tex\latex\oberdiek\epstopdf-base.sty
Package: epstopdf-base 2010/02/09 v2.5 Base part for package epstopdf
 (E:\MikTex\tex\latex\oberdiek\grfext.sty
Package: grfext 2010/08/19 v1.1 Manage graphics extensions (HO)
)
Package grfext Info: Graphics extension search list:
(grfext)             [.png,.pdf,.jpg,.mps,.jpeg,.jbig2,.jb2,.PNG,.PDF,.JPG,.JPEG,.JBIG2,.JB2,.eps]
(grfext)             \AppendGraphicsExtensions on input line 452.
)
\AtBeginShipoutBox=\box35
Package hyperref Info: Link coloring OFF on input line 28.

(E:\MikTex\tex\latex\hyperref\nameref.sty
Package: nameref 2012/10/27 v2.43 Cross-referencing by name of section
 (E:\MikTex\tex\generic\oberdiek\gettitlestring.sty
Package: gettitlestring 2010/12/03 v1.4 Cleanup title references (HO)
)
\c@section@level=\count145
)
LaTeX Info: Redefining \ref on input line 28.
LaTeX Info: Redefining \pageref on input line 28.
LaTeX Info: Redefining \nameref on input line 28.
 (documentation.out)
(documentation.out)
\@outlinefile=\write3
\openout3 = `documentation.out'.

Package caption Info: Begin \AtBeginDocument code.
Package caption Info: End \AtBeginDocument code.

*geometry* driver: auto-detecting
*geometry* detected driver: pdftex
*geometry* verbose mode - [ preamble ] result:
* driver: pdftex
* paper: <default>
* layout: <same size as paper>
* layoutoffset:(h,v)=(0.0pt,0.0pt)
* modes: 
* h-part:(L,W,R)=(113.81102pt, 386.67296pt, 113.81102pt)
* v-part:(T,H,B)=(99.58464pt, 595.8007pt, 99.58464pt)
* \paperwidth=614.295pt
* \paperheight=794.96999pt
* \textwidth=386.67296pt
* \textheight=595.8007pt
* \oddsidemargin=41.54103pt
* \evensidemargin=41.54103pt
* \topmargin=-9.68535pt
* \headheight=12.0pt
* \headsep=25.0pt
* \topskip=10.0pt
* \footskip=30.0pt
* \marginparwidth=65.0pt
* \marginparsep=11.0pt
* \columnsep=10.0pt
* \skip\footins=9.0pt plus 4.0pt minus 2.0pt
* \hoffset=0.0pt
* \voffset=0.0pt
* \mag=1000
* \@twocolumnfalse
* \@twosidefalse
* \@mparswitchfalse
* \@reversemarginfalse
* (1in=72.27pt=25.4mm, 1cm=28.453pt)

[1

{C:/Users/obrus/AppData/Local/MiKTeX/2.9/pdftex/config/pdftex.map}]
Overfull \hbox (15.0pt too wide) in paragraph at lines 71--73
[][]
 []

[2

] (documentation.toc [3] [4])
\tf@toc=\write4
\openout4 = `documentation.toc'.

 [5] (01/doc.tex
Underfull \vbox (badness 10000) detected at line 18
 []

[6

] [7]) (02/doc.tex [8]) (03/doc.tex
Underfull \hbox (badness 10000) in paragraph at lines 3--4

 []

[9] [10]

LaTeX Warning: Reference `sec:infrstructure' on page 11 undefined on input line 101.

[11] <images/170713_architecture4.png, id=735, 1047.915pt x 570.13pt>
File: images/170713_architecture4.png Graphic file (type png)
 <use images/170713_architecture4.png>
Package pdftex.def Info: images/170713_architecture4.png used on input line 174.
(pdftex.def)             Requested size: 386.67296pt x 210.37064pt.
 [12 <./images/170713_architecture4.png>] [13]

LaTeX Warning: Reference `fig:architecture_1' on page 14 undefined on input line 289.

<images/170713_architecture_1.png, id=755, 955.57pt x 571.13374pt>
File: images/170713_architecture_1.png Graphic file (type png)
 <use images/170713_architecture_1.png>
Package pdftex.def Info: images/170713_architecture_1.png used on input line 292.
(pdftex.def)             Requested size: 174.00165pt x 103.99356pt.
File: images/170713_architecture4.png Graphic file (type png)

<use images/170713_architecture4.png>
Package pdftex.def Info: images/170713_architecture4.png used on input line 293.
(pdftex.def)             Requested size: 174.00165pt x 94.66765pt.


LaTeX Warning: Reference `sec:infrastructure' on page 14 undefined on input line 304.

[14 <./images/170713_architecture_1.png>]) (04/doc.tex [15] <images/Kubernetes.png, id=769, 602.25pt x 426.59375pt>
File: images/Kubernetes.png Graphic file (type png)

<use images/Kubernetes.png>
Package pdftex.def Info: images/Kubernetes.png used on input line 69.
(pdftex.def)             Requested size: 386.67296pt x 273.90433pt.
 [16]) (05/doc.tex
Overfull \hbox (13.1056pt too wide) in alignment at lines 6--17
 [] [] [] [] 
 []


Underfull \vbox (badness 10000) detected at line 17
 []

[17 <./images/Kubernetes.png>] [18] <images/components_diagram.png, id=788, 1121.18875pt x 301.125pt>
File: images/components_diagram.png Graphic file (type png)

<use images/components_diagram.png>
Package pdftex.def Info: images/components_diagram.png used on input line 200.
(pdftex.def)             Requested size: 386.67296pt x 103.85147pt.
 [19] [20 <./images/components_diagram.png>]
<images/domain_model.png, id=815, 925.4575pt x 846.16125pt>
File: images/domain_model.png Graphic file (type png)
 <use images/domain_model.png>
Package pdftex.def Info: images/domain_model.png used on input line 257.
(pdftex.def)             Requested size: 386.67296pt x 353.53899pt.
 [21 <./images/domain_model.png>]) (05a/doc.tex
Underfull \hbox (badness 10000) in paragraph at lines 3--4

 []

[22] [23] [24] [25]) (06/doc.tex
Underfull \vbox (badness 10000) detected at line 12
 []

[26]
LaTeX Font Info:    Try loading font information for OML+cmr on input line 68.
 (E:\MikTex\tex\latex\base\omlcmr.fd
File: omlcmr.fd 2014/09/29 v2.5h Standard LaTeX font definitions
)
LaTeX Font Info:    Font shape `OML/cmr/m/n' in size <10> not available
(Font)              Font shape `OML/cmm/m/it' tried instead on input line 68.
 [27] [28]) (07/doc.tex
Underfull \hbox (badness 10000) in paragraph at lines 3--5

 []

[29] [30] <images/07_database_architecture_elastic.png, id=877, 329.23pt x 221.82875pt>
File: images/07_database_architecture_elastic.png Graphic file (type png)

<use images/07_database_architecture_elastic.png>
Package pdftex.def Info: images/07_database_architecture_elastic.png used on input line 152.
(pdftex.def)             Requested size: 386.67296pt x 260.54047pt.
 [31 <./images/07_database_architecture_elastic.png>] [32]
<images/07_database_architecture.png, id=889, 382.42876pt x 262.9825pt>
File: images/07_database_architecture.png Graphic file (type png)
 <use images/07_database_architecture.png>
Package pdftex.def Info: images/07_database_architecture.png used on input line 270.
(pdftex.def)             Requested size: 386.67296pt x 265.91518pt.

Overfull \hbox (11.6056pt too wide) in paragraph at lines 284--288
\OT1/cmr/m/n/10 water-temperature) 1980-2017, source2(air-temperature) 1983-1990, source3(uv-index)
 []

[33] [34 <./images/07_database_architecture.png>] [35]
<images/07_API_Architecture.png, id=907, 543.02875pt x 347.2975pt>
File: images/07_API_Architecture.png Graphic file (type png)
 <use images/07_API_Architecture.png>
Package pdftex.def Info: images/07_API_Architecture.png used on input line 415.
(pdftex.def)             Requested size: 386.67296pt x 247.30894pt.

<images/07-table.png, id=908, 806.01125pt x 295.1025pt>
File: images/07-table.png Graphic file (type png)
 <use images/07-table.png>
Package pdftex.def Info: images/07-table.png used on input line 460.
(pdftex.def)             Requested size: 386.67296pt x 141.57103pt.
 [36 <./images/07_API_Architecture.png>] [37 <./images/07-table.png>]) (08/doc.tex
Underfull \hbox (badness 10000) in paragraph at lines 3--5

 []

<images/relational_schema.png, id=924, 738.76pt x 416.55624pt>
File: images/relational_schema.png Graphic file (type png)
 <use images/relational_schema.png>
Package pdftex.def Info: images/relational_schema.png used on input line 73.
(pdftex.def)             Requested size: 386.67296pt x 218.02791pt.
 [38]
<images/new_datasource.png, id=935, 837.1275pt x 760.8425pt>
File: images/new_datasource.png Graphic file (type png)
 <use images/new_datasource.png>
Package pdftex.def Info: images/new_datasource.png used on input line 129.
(pdftex.def)             Requested size: 386.67296pt x 351.43137pt.
 [39 <./images/relational_schema.png>] [40 <./images/new_datasource.png>]
Overfull \hbox (80.57297pt too wide) in paragraph at lines 220--220
[]  \OT1/cmtt/m/n/10 "description": "A Data Source for Open Sensor Data from the CP project at TU Berlin. ",[] 
 []

[41]
Overfull \hbox (2.38326pt too wide) in paragraph at lines 225--229
\OT1/cmr/m/n/10 As de-scribed in the data model sec-tion, our model is data-source-based and not measurand-
 []


Overfull \hbox (38.57333pt too wide) in paragraph at lines 259--259
[]    \OT1/cmtt/m/n/10 {"id":1,"name":"Air Temperature","desc":"","unit_category_id":"temperature"},[] 
 []


Overfull \hbox (211.82182pt too wide) in paragraph at lines 259--259
[]    \OT1/cmtt/m/n/10 {"id":3,"name":"Air Humidity","desc":"amount of water vapor present in the air","unit_category_id
":"humidity"}[] 
 []

[42] [43] <images/unit_frontend.png, id=966, 1188.44pt x 407.5225pt>
File: images/unit_frontend.png Graphic file (type png)
 <use images/unit_frontend.png>
Package pdftex.def Info: images/unit_frontend.png used on input line 350.
(pdftex.def)             Requested size: 386.67296pt x 132.59247pt.
Missing character: There is no Â in font cmtt10!
Missing character: There is no ° in font cmtt10!
 [44 <./images/unit_frontend.png>]
Missing character: There is no Â in font cmtt10!
Missing character: There is no ° in font cmtt10!

Overfull \hbox (243.32155pt too wide) in paragraph at lines 395--395
[]        \OT1/cmtt/m/n/10 {"id":"temperature_celsius","name":"celsius","unit_symbol":"C","unit_category_id":"temperatur
e","notation":""}},[] 
 []

Missing character: There is no Â in font cmtt10!
Missing character: There is no ° in font cmtt10!

Overfull \hbox (274.82127pt too wide) in paragraph at lines 395--395
[]        \OT1/cmtt/m/n/10 {"id":"temperature_fahrenheit","name":"fahrenheit","unit_symbol":"F","unit_category_id":"temp
erature","notation":""}},[] 
 []


Overfull \hbox (227.57169pt too wide) in paragraph at lines 395--395
[]        \OT1/cmtt/m/n/10 {"id":"temperature_kelvin","name":"kelvin","unit_symbol":"K","unit_category_id":"temperature"
,"notation":""}}[] 
 []

[45]) (12/doc.tex [46]) [47] (documentation.bbl
Underfull \hbox (badness 3417) in paragraph at lines 32--35
[]\OT1/cmr/m/n/10 Eberhard Wolff.  \OT1/cmr/m/it/10 Mi-croser-vices: Grund-la-gen flex-i-bler Soft-warearchitek-turen\OT
1/cmr/m/n/10 .
 []

) [48] (appendix/doc.tex

LaTeX Warning: No positions in optional float specifier.
               Default added (so using `tbp') on input line 3.

Missing character: There is no â in font cmr10!
Missing character: There is no ‚ in font cmr10!
Missing character: There is no ƒ in font cmr10!
Missing character: There is no â in font cmr10!
Missing character: There is no ‚ in font cmr10!
Missing character: There is no ‚ in font cmr10!
Missing character: There is no â in font cmr10!
Missing character: There is no ‚ in font cmr10!
Missing character: There is no ‚ in font cmr10!
Missing character: There is no â in font cmr10!
Missing character: There is no ‚ in font cmr10!
Missing character: There is no ‚ in font cmr10!
Missing character: There is no â in font cmr10!
Missing character: There is no ‚ in font cmr10!
Missing character: There is no ƒ in font cmr10!
Missing character: There is no â in font cmr10!
Missing character: There is no ‚ in font cmr10!
Missing character: There is no ‚ in font cmr10!

Overfull \hbox (1185.62407pt too wide) in paragraph at lines 7--16
 [][] 
 []


Overfull \vbox (95.86154pt too high) has occurred while \output is active []

 [49

]
<images/template.png, id=1003, 649.42625pt x 224.84pt>
File: images/template.png Graphic file (type png)
 <use images/template.png>
Package pdftex.def Info: images/template.png used on input line 153.
(pdftex.def)             Requested size: 386.67296pt x 133.87238pt.

Overfull \hbox (15.0pt too wide) in paragraph at lines 153--154
[][] 
 []

)
Package atveryend Info: Empty hook `BeforeClearDocument' on input line 120.
 [50 <./images/template.png>]
Package atveryend Info: Empty hook `AfterLastShipout' on input line 120.
 (documentation.aux)
Package atveryend Info: Executing hook `AtVeryEndDocument' on input line 120.
Package atveryend Info: Executing hook `AtEndAfterFileList' on input line 120.
Package rerunfilecheck Info: File `documentation.out' has not changed.
(rerunfilecheck)             Checksum: 824D5C9F7D7D353AFE42093CB61337F3;9625.


LaTeX Warning: There were undefined references.


LaTeX Warning: There were multiply-defined labels.

Package atveryend Info: Empty hook `AtVeryVeryEnd' on input line 120.
 ) 
Here is how much of TeX's memory you used:
 9376 strings out of 493634
 139327 string characters out of 3151060
 241277 words of memory out of 3000000
 12348 multiletter control sequences out of 15000+200000
 8595 words of font info for 31 fonts, out of 3000000 for 9000
 1025 hyphenation exceptions out of 8191
 36i,8n,39p,913b,452s stack positions out of 5000i,500n,10000p,200000b,50000s
<E:/MikTex/fonts/type1/public/amsfonts/cm/cmbx10.pfb><E:/MikTex/fonts/type1/public/amsfonts/cm/cmbx12.pfb><E:/MikTex/f
onts/type1/public/amsfonts/cm/cmbx9.pfb><E:/MikTex/fonts/type1/public/amsfonts/cm/cmbxti10.pfb><E:/MikTex/fonts/type1/pu
blic/amsfonts/cm/cmmi10.pfb><E:/MikTex/fonts/type1/public/amsfonts/cm/cmr10.pfb><E:/MikTex/fonts/type1/public/amsfonts/c
m/cmr12.pfb><E:/MikTex/fonts/type1/public/amsfonts/cm/cmr17.pfb><E:/MikTex/fonts/type1/public/amsfonts/cm/cmr8.pfb><E:/M
ikTex/fonts/type1/public/amsfonts/cm/cmr9.pfb><E:/MikTex/fonts/type1/public/amsfonts/cm/cmsy10.pfb><E:/MikTex/fonts/type
1/public/amsfonts/cm/cmti10.pfb><E:/MikTex/fonts/type1/public/amsfonts/cm/cmtt10.pfb>
Output written on documentation.pdf (50 pages, 817748 bytes).
PDF statistics:
 1115 PDF objects out of 1200 (max. 8388607)
 280 named destinations out of 1000 (max. 500000)
 1098 words of extra memory for PDF output out of 10000 (max. 10000000)

